[2025-06-17 02:35:38,857] INFO in app: Starting Flask application...
[2025-06-17 02:35:38,860] INFO in app: Admin account already exists
[2025-06-17 02:35:38,860] INFO in app: Flask application started on http://0.0.0.0:9000
[2025-06-17 02:35:39,106] INFO in app: Starting Flask application...
[2025-06-17 02:35:39,109] INFO in app: Admin account already exists
[2025-06-17 02:35:39,109] INFO in app: Flask application started on http://0.0.0.0:9000
[2025-06-17 02:35:47,142] INFO in app: Request: GET /admin/users
[2025-06-17 02:35:47,249] INFO in app: Authentication successful for user: admin
[2025-06-17 02:35:47,250] INFO in app: User admin requested all users
[2025-06-17 02:35:47,252] INFO in app: Admin retrieved 2 users
[2025-06-17 02:35:47,253] INFO in app: Response: 200 for GET /admin/users
[2025-06-17 02:36:00,007] INFO in app: Request: POST /questions/1
[2025-06-17 02:36:00,083] INFO in app: Authentication successful for user: alice
[2025-06-17 02:36:00,083] INFO in app: User alice attempting to answer question 1
[2025-06-17 02:36:00,087] INFO in app: User alice answered question 1 correctly. IQ: 10 -> 20
[2025-06-17 02:36:00,087] INFO in app: Response: 200 for POST /questions/1
[2025-06-17 02:37:32,831] INFO in app: Request: POST /questions/1
[2025-06-17 02:37:32,910] INFO in app: Authentication successful for user: alice
[2025-06-17 02:37:32,910] INFO in app: User alice attempting to answer question 1
[2025-06-17 02:37:32,913] INFO in app: User alice answered question 1 correctly. IQ: 20 -> 30
[2025-06-17 02:37:32,913] INFO in app: Response: 200 for POST /questions/1
[2025-06-17 02:37:59,353] INFO in app: Starting Flask application...
[2025-06-17 02:37:59,355] INFO in app: Admin account already exists
[2025-06-17 02:37:59,356] INFO in app: Flask application started on http://0.0.0.0:9000
[2025-06-17 02:38:08,772] INFO in app: Request: GET /questions/1
[2025-06-17 02:38:08,864] INFO in app: Authentication successful for user: alice
[2025-06-17 02:38:08,866] INFO in app: User alice requested question 1
[2025-06-17 02:38:08,867] INFO in app: Response: 200 for GET /questions/1
[2025-06-17 02:38:19,029] INFO in app: Starting Flask application...
[2025-06-17 02:38:19,032] INFO in app: Admin account already exists
[2025-06-17 02:38:19,032] INFO in app: Flask application started on http://0.0.0.0:9000
[2025-06-17 02:38:21,380] INFO in app: Starting Flask application...
[2025-06-17 02:38:21,383] INFO in app: Admin account already exists
[2025-06-17 02:38:21,383] INFO in app: Flask application started on http://0.0.0.0:9000
[2025-06-17 02:38:22,878] INFO in app: Request: DELETE /questions/1
[2025-06-17 02:38:22,878] WARNING in app: 405 Error: Method DELETE not allowed for /questions/1
[2025-06-17 02:38:22,879] INFO in app: Response: 405 for DELETE /questions/1
